<?xml version="1.0" encoding="UTF-8"?>
<!-- Generated by org.testng.reporters.JUnitReportReporter -->
<testsuite hostname="BSA-Laptop" failures="0" tests="1" name="testcases.NavigateToLearnHTML" time="0.104" errors="0" timestamp="2023-05-11T12:22:13 IST" skipped="0">
  <testcase classname="testcases.NavigateToLearnHTML" name="W3schoollogin" time="0.104"/>
  <system-out/>
</testsuite> <!-- testcases.NavigateToLearnHTML -->
