<?xml version="1.0" encoding="UTF-8"?>
<!-- Generated by org.testng.reporters.JUnitReportReporter -->
<testsuite hostname="BSA-Laptop" failures="0" tests="1" name="testcases.LoginToW3School" time="50.792" errors="0" timestamp="2023-05-16T07:29:49 IST" skipped="0">
  <testcase classname="testcases.LoginToW3School" name="W3schoollogin" time="50.792"/>
  <system-out/>
</testsuite> <!-- testcases.LoginToW3School -->
