<?xml version="1.0" encoding="UTF-8"?>
<!-- Generated by org.testng.reporters.JUnitReportReporter -->
<testsuite hostname="BSA-Laptop" failures="0" tests="1" name="testcases.update_w3schoolprofile" time="68.285" errors="0" timestamp="2023-06-23T11:42:23 IST" skipped="0">
  <testcase classname="testcases.update_w3schoolprofile" name="updateprofile" time="68.285"/>
  <system-out/>
</testsuite> <!-- testcases.update_w3schoolprofile -->
