<?xml version="1.0" encoding="UTF-8"?>
<!-- Generated by org.testng.reporters.JUnitReportReporter -->
<testsuite hostname="BSA-Laptop" failures="0" tests="1" name="com.webAutomation.testcases.update_w3schoolprofile" time="35.950" errors="0" timestamp="2023-06-24T11:00:06 IST" skipped="0">
  <testcase classname="com.webAutomation.testcases.update_w3schoolprofile" name="updateprofile" time="35.950"/>
  <system-out/>
</testsuite> <!-- com.webAutomation.testcases.update_w3schoolprofile -->
