<?xml version="1.0" encoding="UTF-8"?>
<!-- Generated by org.testng.reporters.JUnitReportReporter -->
<testsuite hostname="BSA-Laptop" failures="0" tests="3" name="com.associateArchitect.testRunner.testRunner" time="68.620" errors="3" timestamp="2023-07-12T12:27:24 IST" skipped="0">
  <testcase classname="com.associateArchitect.testRunner.testRunner" name="runScenario" time="23.332">
    <error type="java.lang.NullPointerException">
      <![CDATA[java.lang.NullPointerException
at com.associateArchitect.base.BaseDriver.testStepHandle(BaseDriver.java:142)
at com.associateArchitect.StepDefinitions.oneTripReservation.login(oneTripReservation.java:57)
at ✽.User Login to MakemyTrip site for onewaytrip(file:///C:/Users/BSA/git/Associate-Architect/AAAutomationFramework/./src/test/resources/featureFiles/onewayTrip.feature:5)
]]>
    </error>
  </testcase> <!-- runScenario -->
  <system-out/>
  <testcase classname="com.associateArchitect.testRunner.testRunner" name="runScenario" time="28.894">
    <error type="java.lang.NullPointerException">
      <![CDATA[java.lang.NullPointerException
at com.associateArchitect.base.BaseDriver.testStepHandle(BaseDriver.java:142)
at com.associateArchitect.StepDefinitions.roundTripReservation.login(roundTripReservation.java:42)
at ✽.User Login to MakemyTrip(file:///C:/Users/BSA/git/Associate-Architect/AAAutomationFramework/./src/test/resources/featureFiles/roundTrip.feature:5)
]]>
    </error>
  </testcase> <!-- runScenario -->
  <system-out/>
  <testcase classname="com.associateArchitect.testRunner.testRunner" name="runScenario" time="16.394">
    <error type="java.lang.NullPointerException">
      <![CDATA[java.lang.NullPointerException
at com.associateArchitect.base.BaseDriver.testStepHandle(BaseDriver.java:142)
at com.associateArchitect.StepDefinitions.multiTripReservation.login(multiTripReservation.java:45)
at ✽.User Login to MakemyTrip site for multiwaytrip(file:///C:/Users/BSA/git/Associate-Architect/AAAutomationFramework/./src/test/resources/featureFiles/multiTrip.feature:5)
]]>
    </error>
  </testcase> <!-- runScenario -->
  <system-out/>
</testsuite> <!-- com.associateArchitect.testRunner.testRunner -->
