<?xml version="1.0" encoding="UTF-8"?>
<!-- Generated by org.testng.reporters.JUnitReportReporter -->
<testsuite hostname="BSA-Laptop" failures="0" tests="1" name="testcases.NavigateW3School" time="49.539" errors="0" timestamp="2023-05-13T02:58:08 IST" skipped="0">
  <testcase classname="testcases.NavigateW3School" name="W3schoollogin" time="49.539"/>
  <system-out/>
</testsuite> <!-- testcases.NavigateW3School -->
