<?xml version="1.0" encoding="UTF-8"?>
<!-- Generated by org.testng.reporters.JUnitReportReporter -->
<testsuite hostname="BSA-Laptop" failures="0" tests="1" name="com.webAutomation.testcases.flightticketBooking" time="21.337" errors="0" timestamp="2023-06-26T13:55:53 IST" skipped="0">
  <testcase classname="com.webAutomation.testcases.flightticketBooking" name="flightReservation" time="21.337"/>
  <system-out/>
</testsuite> <!-- com.webAutomation.testcases.flightticketBooking -->
