<?xml version="1.0" encoding="UTF-8"?>
<!-- Generated by org.testng.reporters.JUnitReportReporter -->
<testsuite hostname="BSA-Laptop" failures="0" tests="1" name="testcases.update_w3schoolprofile" time="126.210" errors="0" timestamp="2023-06-15T10:02:00 IST" skipped="0">
  <testcase classname="testcases.update_w3schoolprofile" name="updateprofile" time="126.210"/>
  <system-out/>
</testsuite> <!-- testcases.update_w3schoolprofile -->
