<?xml version="1.0" encoding="UTF-8"?>
<!-- Generated by org.testng.reporters.JUnitReportReporter -->
<testsuite hostname="BSA-Laptop" failures="0" tests="1" name="testcases.update_w3schoolprofile" time="42.368" errors="0" timestamp="2023-06-07T10:04:51 IST" skipped="0">
  <testcase classname="testcases.update_w3schoolprofile" name="updateprofile" time="42.368"/>
  <system-out/>
</testsuite> <!-- testcases.update_w3schoolprofile -->
