<?xml version="1.0" encoding="UTF-8"?>
<!-- Generated by org.testng.reporters.JUnitReportReporter -->
<testsuite hostname="BSA-Laptop" failures="0" tests="1" name="com.associateArchitect.Web.testcases.update_w3schoolprofile" time="17.272" errors="0" timestamp="2023-06-29T00:38:54 IST" skipped="0">
  <testcase classname="com.associateArchitect.Web.testcases.update_w3schoolprofile" name="updateprofile" time="17.272"/>
  <system-out/>
</testsuite> <!-- com.associateArchitect.Web.testcases.update_w3schoolprofile -->
