<?xml version="1.0" encoding="UTF-8"?>
<!-- Generated by org.testng.reporters.JUnitReportReporter -->
<testsuite hostname="BSA-Laptop" failures="0" tests="1" name="com.associateArchitect.Web.testcases.update_w3schoolprofile" time="22.997" errors="0" timestamp="2023-07-11T04:39:13 IST" skipped="0">
  <testcase classname="com.associateArchitect.Web.testcases.update_w3schoolprofile" name="updateprofile" time="22.997"/>
  <system-out/>
</testsuite> <!-- com.associateArchitect.Web.testcases.update_w3schoolprofile -->
