<?xml version="1.0" encoding="UTF-8"?>
<!-- Generated by org.testng.reporters.JUnitReportReporter -->
<testsuite hostname="BSA-Laptop" failures="0" tests="1" name="com.associateArchitect.Web.testcases.update_w3schoolprofile" time="37.143" errors="0" timestamp="2023-07-06T11:12:51 IST" skipped="0">
  <testcase classname="com.associateArchitect.Web.testcases.update_w3schoolprofile" name="updateprofile" time="37.143"/>
  <system-out/>
</testsuite> <!-- com.associateArchitect.Web.testcases.update_w3schoolprofile -->
