<?xml version="1.0" encoding="UTF-8"?>
<!-- Generated by org.testng.reporters.JUnitReportReporter -->
<testsuite hostname="BSA-Laptop" failures="0" tests="2" name="testcases.W3SchoolsTestScenarios" time="27.266" errors="0" timestamp="2023-05-17T05:35:15 IST" skipped="1">
  <testcase classname="testcases.W3SchoolsTestScenarios" name="create_w3profile" time="10.450">
    <skipped/>
  </testcase> <!-- create_w3profile -->
  <system-out/>
  <testcase classname="testcases.W3SchoolsTestScenarios" name="W3schoollogin" time="16.816"/>
  <system-out/>
</testsuite> <!-- testcases.W3SchoolsTestScenarios -->
